Arguments: 
  C:\Program Files\nodejs\node.exe C:\Users\hp2\AppData\Roaming\npm\node_modules\yarn\bin\yarn.js add react-native-elements

PATH: 
  C:\Program Files (x86)\Common Files\Oracle\Java\javapath;C:\Python27\;C:\Python27\Scripts;C:\Program Files (x86)\NVIDIA Corporation\PhysX\Common;C:\Windows\system32;C:\Windows;C:\Windows\System32\Wbem;C:\Windows\System32\WindowsPowerShell\v1.0\;C:\Program Files\Hewlett-Packard\SimplePass\;C:\Program Files (x86)\Windows Live\Shared;C:\Program Files\Microsoft DNX\Dnvm\;C:\Program Files\Microsoft SQL Server\120\Tools\Binn\;C:\Program Files\Microsoft SQL Server\130\Tools\Binn\;C:\Program Files (x86)\GtkSharp\2.12\bin;C:\Program Files (x86)\Microsoft SQL Server\120\DTS\Binn\;C:\Program Files (x86)\Microsoft SQL Server\Client SDK\ODBC\110\Tools\Binn\;C:\Program Files (x86)\Microsoft SQL Server\120\Tools\Binn\;C:\Program Files (x86)\Microsoft SQL Server\120\Tools\Binn\ManagementStudio\;C:\Program Files\Git\cmd;C:\Program Files\Git\mingw64\bin;C:\Program Files\Git\usr\bin;C:\ProgramData\chocolatey\bin;C:\Program Files\Java\jdk1.8.0_162\bin;C:\Program Files\VisualSVN Server\bin;C:\Program Files\TortoiseSVN\bin;C:\webDrivers;C:\Program Files\MongoDB\Server\4.0\bin;C:\Program Files (x86)\Microsoft Visual Studio 12.0\Common7\IDE\PrivateAssemblies\;C:\Program Files\nodejs\;C:\Users\hp2\AppData\Local\Programs\Python\Python37-32\Scripts\;C:\Users\hp2\AppData\Local\Programs\Python\Python37-32\;C:\Users\hp2\AppData\Local\Android\sdk\platform-tools;C:\Users\hp2\AppData\Local\Android\sdk\tools;C:\Users\hp2\AppData\Local\Programs\Microsoft VS Code\bin;C:\Users\hp2\AppData\Roaming\npm

Yarn version: 
  1.7.0

Node version: 
  10.15.0

Platform: 
  win32 x64

Trace: 
  Error: read ECONNRESET
      at TLSWrap.onStreamRead (internal/stream_base_commons.js:111:27)

npm manifest: 
  {
    "main": "node_modules/expo/AppEntry.js",
    "scripts": {
      "start": "expo start",
      "android": "expo start --android",
      "ios": "expo start --ios",
      "eject": "expo eject",
      "test": "node ./node_modules/jest/bin/jest.js --watchAll"
    },
    "jest": {
      "preset": "jest-expo"
    },
    "dependencies": {
      "@expo/samples": "2.1.1",
      "expo": "^32.0.0",
      "native-base": "^2.12.1",
      "react": "16.5.0",
      "react-native": "https://github.com/expo/react-native/archive/sdk-32.0.0.tar.gz",
      "react-native-modal": "^9.0.0",
      "react-native-stars": "^1.1.5",
      "react-navigation": "^3.0.9"
    },
    "devDependencies": {
      "babel-preset-expo": "^5.0.0",
      "jest-expo": "^32.0.0"
    },
    "private": true
  }

yarn manifest: 
  No manifest

Lockfile: 
  No lockfile
